<?xml version="1.0" encoding="UTF-8"?>
<!-- Generated by org.testng.reporters.JUnitXMLReporter -->
<testsuite ignored="6" hostname="DESKTOP-3JRUFPN" failures="0" tests="8" name="Test" time="79.163" errors="0" timestamp="2025-11-21T17:34:07 IST">
  <testcase classname="testCaseRepo.TC_001" name="LE_001" time="11.043">
    <skipped/>
  </testcase> <!-- LE_001 -->
  <testcase classname="testCaseRepo.TC_002Test" name="LE_002" time="16.47"/>
  <testcase classname="testCaseRepo.TC_003" name="LE_003" time="17.292"/>
  <testcase classname="testCaseRepo.TC_003" name="m1" time="0.001"/>
  <testcase classname="testCaseRepo.TC_001" name="LE_001" time="15.197">
    <skipped/>
  </testcase> <!-- LE_001 -->
  <testcase classname="testCaseRepo.TC_004" name="ORG_001" time="11.631"/>
  <testcase classname="testCaseRepo.TC_001" name="LE_001" time="6.765">
    <skipped/>
  </testcase> <!-- LE_001 -->
  <testcase classname="testCaseRepo.TC_001" name="LE_001" time="9.001"/>
  <testcase classname="genericUtility.BaseClass" name="@AfterSuite closeDBConnection" time="0.0">
    <ignored/>
  </testcase> <!-- @AfterSuite closeDBConnection -->
  <testcase classname="genericUtility.BaseClass" name="@BeforeSuite createDBConnection" time="0.0">
    <ignored/>
  </testcase> <!-- @BeforeSuite createDBConnection -->
  <testcase classname="genericUtility.BaseClass" name="@AfterSuite closeDBConnection" time="0.0">
    <ignored/>
  </testcase> <!-- @AfterSuite closeDBConnection -->
  <testcase classname="genericUtility.BaseClass" name="@BeforeSuite createDBConnection" time="0.0">
    <ignored/>
  </testcase> <!-- @BeforeSuite createDBConnection -->
  <testcase classname="genericUtility.BaseClass" name="@AfterSuite closeDBConnection" time="0.0">
    <ignored/>
  </testcase> <!-- @AfterSuite closeDBConnection -->
  <testcase classname="genericUtility.BaseClass" name="@BeforeSuite createDBConnection" time="0.0">
    <ignored/>
  </testcase> <!-- @BeforeSuite createDBConnection -->
</testsuite> <!-- Test -->
