<?xml version="1.0" encoding="UTF-8"?>
<!-- Generated by org.testng.reporters.JUnitXMLReporter -->
<testsuite ignored="2" hostname="DESKTOP-3JRUFPN" failures="0" tests="2" name="Test1" time="22.103" errors="0" timestamp="2025-11-13T16:58:37 IST">
  <testcase classname="testCaseRepo.TC_002" name="LE_002" time="12.205"/>
  <testcase classname="testCaseRepo.TC_001" name="LE_001" time="11.981"/>
  <testcase classname="genericUtility.BaseClass" name="@AfterSuite closeDBConnection" time="0.0">
    <ignored/>
  </testcase> <!-- @AfterSuite closeDBConnection -->
  <testcase classname="genericUtility.BaseClass" name="@BeforeSuite createDBConnection" time="0.0">
    <ignored/>
  </testcase> <!-- @BeforeSuite createDBConnection -->
</testsuite> <!-- Test1 -->
