<?xml version="1.0" encoding="UTF-8"?>
<!-- Generated by org.testng.reporters.JUnitXMLReporter -->
<testsuite ignored="0" hostname="DESKTOP-3JRUFPN" failures="0" tests="4" name="Test2" time="45.012" errors="0" timestamp="2025-11-21T17:42:38 IST">
  <testcase classname="testCaseRepo.TC_001" name="LE_001" time="7.312">
    <skipped/>
  </testcase> <!-- LE_001 -->
  <testcase classname="testCaseRepo.TC_001" name="LE_001" time="5.187">
    <skipped/>
  </testcase> <!-- LE_001 -->
  <testcase classname="testCaseRepo.TC_001" name="LE_001" time="5.697">
    <skipped/>
  </testcase> <!-- LE_001 -->
  <testcase classname="testCaseRepo.TC_001" name="LE_001" time="9.719"/>
</testsuite> <!-- Test2 -->
