<?xml version="1.0" encoding="UTF-8"?>
<!-- Generated by org.testng.reporters.JUnitXMLReporter -->
<testsuite ignored="2" hostname="DESKTOP-3JRUFPN" failures="0" tests="5" name="Test1" time="50.038" errors="0" timestamp="2025-11-21T17:41:52 IST">
  <testcase classname="testCaseRepo.TC_001" name="LE_001" time="9.955">
    <skipped/>
  </testcase> <!-- LE_001 -->
  <testcase classname="testCaseRepo.TC_002Test" name="LE_002" time="11.902"/>
  <testcase classname="testCaseRepo.TC_001" name="LE_001" time="6.567">
    <skipped/>
  </testcase> <!-- LE_001 -->
  <testcase classname="testCaseRepo.TC_001" name="LE_001" time="5.245">
    <skipped/>
  </testcase> <!-- LE_001 -->
  <testcase classname="testCaseRepo.TC_001" name="LE_001" time="9.346"/>
  <testcase classname="genericUtility.BaseClass" name="@BeforeSuite createDBConnection" time="0.0">
    <ignored/>
  </testcase> <!-- @BeforeSuite createDBConnection -->
  <testcase classname="genericUtility.BaseClass" name="@AfterSuite closeDBConnection" time="0.0">
    <ignored/>
  </testcase> <!-- @AfterSuite closeDBConnection -->
</testsuite> <!-- Test1 -->
