<?xml version="1.0" encoding="UTF-8"?>
<!-- Generated by org.testng.reporters.JUnitXMLReporter -->
<testsuite ignored="4" hostname="DESKTOP-3JRUFPN" failures="0" tests="6" name="Test" time="91.482" errors="0" timestamp="2025-11-21T17:31:43 IST">
  <testcase classname="testCaseRepo.TC_001" name="LE_001" time="5.129">
    <skipped/>
  </testcase> <!-- LE_001 -->
  <testcase classname="testCaseRepo.TC_001" name="LE_001" time="4.814">
    <skipped/>
  </testcase> <!-- LE_001 -->
  <testcase classname="testCaseRepo.TC_001" name="LE_001" time="5.117">
    <skipped/>
  </testcase> <!-- LE_001 -->
  <testcase classname="testCaseRepo.TC_001" name="LE_001" time="8.758"/>
  <testcase classname="testCaseRepo.TC_002Test" name="LE_002" time="10.384"/>
  <testcase classname="testCaseRepo.TC_004" name="ORG_001" time="8.06"/>
  <testcase classname="genericUtility.BaseClass" name="@AfterSuite closeDBConnection" time="0.0">
    <ignored/>
  </testcase> <!-- @AfterSuite closeDBConnection -->
  <testcase classname="genericUtility.BaseClass" name="@BeforeSuite createDBConnection" time="0.0">
    <ignored/>
  </testcase> <!-- @BeforeSuite createDBConnection -->
  <testcase classname="genericUtility.BaseClass" name="@AfterSuite closeDBConnection" time="0.0">
    <ignored/>
  </testcase> <!-- @AfterSuite closeDBConnection -->
  <testcase classname="genericUtility.BaseClass" name="@BeforeSuite createDBConnection" time="0.0">
    <ignored/>
  </testcase> <!-- @BeforeSuite createDBConnection -->
</testsuite> <!-- Test -->
