<?xml version="1.0" encoding="UTF-8"?>
<!-- Generated by org.testng.reporters.JUnitXMLReporter -->
<testsuite ignored="14" hostname="DESKTOP-3JRUFPN" failures="0" tests="6" name="Test" time="63.85" errors="0" timestamp="2025-11-21T17:32:47 IST">
  <testcase classname="testCaseRepo.TC_001" name="LE_001" time="14.477">
    <skipped/>
  </testcase> <!-- LE_001 -->
  <testcase classname="testCaseRepo.TC_006" name="ORG_003" time="21.616"/>
  <testcase classname="testCaseRepo.TC_003" name="LE_003" time="27.429"/>
  <testcase classname="testCaseRepo.TC_001" name="LE_001" time="9.279">
    <skipped/>
  </testcase> <!-- LE_001 -->
  <testcase classname="testCaseRepo.TC_001" name="LE_001" time="6.728">
    <skipped/>
  </testcase> <!-- LE_001 -->
  <testcase classname="testCaseRepo.TC_001" name="LE_001" time="7.824"/>
  <testcase classname="testCaseRepo.TC_003" name="m1" time="0.0">
    <ignored/>
  </testcase> <!-- m1 -->
  <testcase classname="genericUtility.BaseClass" name="@AfterSuite closeDBConnection" time="0.0">
    <ignored/>
  </testcase> <!-- @AfterSuite closeDBConnection -->
  <testcase classname="genericUtility.BaseClass" name="@AfterSuite closeDBConnection" time="0.0">
    <ignored/>
  </testcase> <!-- @AfterSuite closeDBConnection -->
  <testcase classname="genericUtility.BaseClass" name="@BeforeSuite createDBConnection" time="0.0">
    <ignored/>
  </testcase> <!-- @BeforeSuite createDBConnection -->
  <testcase classname="genericUtility.BaseClass" name="@BeforeSuite createDBConnection" time="0.0">
    <ignored/>
  </testcase> <!-- @BeforeSuite createDBConnection -->
  <testcase classname="genericUtility.BaseClass" name="@BeforeSuite createDBConnection" time="0.0">
    <ignored/>
  </testcase> <!-- @BeforeSuite createDBConnection -->
  <testcase classname="testCaseRepo.TC_005" name="ORG_002" time="0.0">
    <ignored/>
  </testcase> <!-- ORG_002 -->
  <testcase classname="testCaseRepo.TC_004" name="ORG_001" time="0.0">
    <ignored/>
  </testcase> <!-- ORG_001 -->
  <testcase classname="genericUtility.BaseClass" name="@AfterSuite closeDBConnection" time="0.0">
    <ignored/>
  </testcase> <!-- @AfterSuite closeDBConnection -->
  <testcase classname="genericUtility.BaseClass" name="@AfterSuite closeDBConnection" time="0.0">
    <ignored/>
  </testcase> <!-- @AfterSuite closeDBConnection -->
  <testcase classname="testCaseRepo.TC_002Test" name="LE_002" time="0.0">
    <ignored/>
  </testcase> <!-- LE_002 -->
  <testcase classname="genericUtility.BaseClass" name="@AfterSuite closeDBConnection" time="0.0">
    <ignored/>
  </testcase> <!-- @AfterSuite closeDBConnection -->
  <testcase classname="genericUtility.BaseClass" name="@BeforeSuite createDBConnection" time="0.0">
    <ignored/>
  </testcase> <!-- @BeforeSuite createDBConnection -->
  <testcase classname="genericUtility.BaseClass" name="@BeforeSuite createDBConnection" time="0.0">
    <ignored/>
  </testcase> <!-- @BeforeSuite createDBConnection -->
</testsuite> <!-- Test -->
