<?xml version="1.0" encoding="UTF-8"?>
<!-- Generated by org.testng.reporters.JUnitReportReporter -->
<testsuite hostname="DESKTOP-3JRUFPN" failures="0" tests="4" name="testCaseRepo.TC_001" time="51.718" errors="0" timestamp="2025-11-18T17:22:17 IST" skipped="3">
  <testcase classname="testCaseRepo.TC_001" name="LE_001" time="22.482">
    <system-out>
      <![CDATA[LE_001 Test method started
LE_001 Test method successfully executed]]>
    </system-out>
  </testcase> <!-- LE_001 -->
  <testcase classname="testCaseRepo.TC_001" name="LE_001" time="9.621">
    <skipped/>
    <system-out>
      <![CDATA[LE_001 Test method started
LE_001 Test method skipped]]>
    </system-out>
  </testcase> <!-- LE_001 -->
  <testcase classname="testCaseRepo.TC_001" name="LE_001" time="9.996">
    <skipped/>
    <system-out>
      <![CDATA[LE_001 Test method started
LE_001 Test method skipped]]>
    </system-out>
  </testcase> <!-- LE_001 -->
  <testcase classname="testCaseRepo.TC_001" name="LE_001" time="9.619">
    <skipped/>
    <system-out>
      <![CDATA[LE_001 Test method started
LE_001 Test method skipped]]>
    </system-out>
  </testcase> <!-- LE_001 -->
  <system-out>
    <![CDATA[LE_001 Test method started
LE_001 Test method skipped
LE_001 Test method started
LE_001 Test method skipped
LE_001 Test method started
LE_001 Test method skipped
LE_001 Test method started
LE_001 Test method successfully executed]]>
  </system-out>
</testsuite> <!-- testCaseRepo.TC_001 -->
