<?xml version="1.0" encoding="UTF-8"?>
<!-- Generated by org.testng.reporters.JUnitReportReporter -->
<testsuite hostname="DESKTOP-3JRUFPN" failures="0" tests="1" name="testCaseRepo.TC_004" time="13.201" errors="0" timestamp="2025-11-17T16:54:40 IST" skipped="0">
  <testcase classname="testCaseRepo.TC_004" name="ORG_001" time="13.201">
    <system-out>
      <![CDATA[ORG_001 Test method started
ORG_001 Test method successfully executed]]>
    </system-out>
  </testcase> <!-- ORG_001 -->
  <system-out>
    <![CDATA[LE_001 Test method started
LE_001 Test method failed
LE_002 Test method started
LE_002 Test method successfully executed
ORG_001 Test method started
ORG_001 Test method successfully executed]]>
  </system-out>
</testsuite> <!-- testCaseRepo.TC_004 -->
