<?xml version="1.0" encoding="UTF-8"?>
<!-- Generated by org.testng.reporters.JUnitReportReporter -->
<testsuite hostname="DESKTOP-3JRUFPN" failures="0" tests="1" name="testCaseRepo.TC_002" time="15.257" errors="0" timestamp="2025-11-17T16:54:40 IST" skipped="0">
  <testcase classname="testCaseRepo.TC_002" name="LE_002" time="15.257">
    <system-out>
      <![CDATA[LE_002 Test method started
LE_002 Test method successfully executed]]>
    </system-out>
  </testcase> <!-- LE_002 -->
  <system-out>
    <![CDATA[LE_001 Test method started
LE_001 Test method failed
LE_002 Test method started
LE_002 Test method successfully executed
ORG_001 Test method started
ORG_001 Test method successfully executed]]>
  </system-out>
</testsuite> <!-- testCaseRepo.TC_002 -->
