<?xml version="1.0" encoding="UTF-8"?>
<!-- Generated by org.testng.reporters.JUnitReportReporter -->
<testsuite hostname="DESKTOP-3JRUFPN" failures="0" tests="1" name="testCaseRepo.TC_006" time="30.359" errors="0" timestamp="2025-11-21T17:34:07 IST" skipped="0">
  <testcase classname="testCaseRepo.TC_006" name="ORG_003" time="30.359">
    <system-out>
      <![CDATA[ORG_003 Test method started
ORG_003 Test method successfully executed]]>
    </system-out>
  </testcase> <!-- ORG_003 -->
  <system-out>
    <![CDATA[LE_001 Test method started
LE_001 Test method skipped
LE_001 Test method started
LE_001 Test method skipped
LE_001 Test method started
LE_001 Test method skipped
LE_001 Test method started
LE_001 Test method successfully executed
LE_002 Test method started
LE_002 Test method successfully executed
ORG_001 Test method started
ORG_001 Test method successfully executed
ORG_003 Test method started
LE_003 Test method started
LE_001 Test method started
LE_001 Test method skipped
ORG_003 Test method successfully executed
LE_001 Test method started
LE_003 Test method successfully executed
LE_001 Test method skipped
LE_001 Test method started
LE_001 Test method skipped
LE_001 Test method started
LE_001 Test method successfully executed
LE_003 Test method started
LE_002 Test method started
LE_001 Test method started
LE_001 Test method skipped
LE_002 Test method successfully executed
LE_003 Test method successfully executed
LE_001 Test method started
m1 Test method started
m1 Test method successfully executed
LE_001 Test method skipped
ORG_001 Test method started
LE_001 Test method started
ORG_001 Test method successfully executed
LE_001 Test method skipped
LE_001 Test method started
LE_001 Test method successfully executed]]>
  </system-out>
</testsuite> <!-- testCaseRepo.TC_006 -->
