<?xml version="1.0" encoding="UTF-8"?>
<!-- Generated by org.testng.reporters.JUnitReportReporter -->
<testsuite hostname="DESKTOP-3JRUFPN" failures="0" tests="1" name="testCaseRepo.TC_002Test" time="19.424" errors="0" timestamp="2025-11-21T17:45:08 IST" skipped="0">
  <testcase classname="testCaseRepo.TC_002Test" name="LE_002" time="19.424">
    <system-out>
      <![CDATA[LE_002 Test method started
LE_002 Test method successfully executed]]>
    </system-out>
  </testcase> <!-- LE_002 -->
  <system-out>
    <![CDATA[LE_001 Test method started
LE_002 Test method started
LE_001 Test method skipped
LE_002 Test method successfully executed
LE_001 Test method started
LE_001 Test method skipped
LE_001 Test method started
LE_001 Test method skipped
LE_001 Test method started
LE_001 Test method successfully executed
LE_001 Test method started
LE_001 Test method skipped
LE_001 Test method started
LE_001 Test method skipped
LE_001 Test method started
LE_001 Test method skipped
LE_001 Test method started
LE_001 Test method successfully executed
LE_001 Test method started
LE_001 Test method skipped
LE_001 Test method started
LE_001 Test method skipped
LE_001 Test method started
LE_001 Test method skipped
LE_001 Test method started
LE_001 Test method skipped
LE_001 Test method started
LE_001 Test method failed]]>
  </system-out>
</testsuite> <!-- testCaseRepo.TC_002Test -->
