<?xml version="1.0" encoding="UTF-8"?>
<!-- Generated by org.testng.reporters.JUnitReportReporter -->
<testsuite hostname="DESKTOP-3JRUFPN" failures="0" tests="3" name="testCaseRepo.TC_003" time="76.282" errors="0" timestamp="2025-11-21T17:34:07 IST" skipped="0">
  <testcase classname="testCaseRepo.TC_003" name="LE_003" time="33.088">
    <system-out>
      <![CDATA[LE_003 Test method started
LE_003 Test method successfully executed]]>
    </system-out>
  </testcase> <!-- LE_003 -->
  <testcase classname="testCaseRepo.TC_003" name="m1" time="11.930">
    <system-out>
      <![CDATA[m1 Test method started
m1 Test method successfully executed]]>
    </system-out>
  </testcase> <!-- m1 -->
  <testcase classname="testCaseRepo.TC_003" name="LE_003" time="31.264">
    <system-out>
      <![CDATA[LE_003 Test method started
LE_003 Test method successfully executed]]>
    </system-out>
  </testcase> <!-- LE_003 -->
  <system-out>
    <![CDATA[LE_001 Test method started
LE_001 Test method skipped
LE_001 Test method started
LE_001 Test method skipped
LE_001 Test method started
LE_001 Test method skipped
LE_001 Test method started
LE_001 Test method successfully executed
LE_002 Test method started
LE_002 Test method successfully executed
ORG_001 Test method started
ORG_001 Test method successfully executed
ORG_003 Test method started
LE_003 Test method started
LE_001 Test method started
LE_001 Test method skipped
ORG_003 Test method successfully executed
LE_001 Test method started
LE_003 Test method successfully executed
LE_001 Test method skipped
LE_001 Test method started
LE_001 Test method skipped
LE_001 Test method started
LE_001 Test method successfully executed
LE_003 Test method started
LE_002 Test method started
LE_001 Test method started
LE_001 Test method skipped
LE_002 Test method successfully executed
LE_003 Test method successfully executed
LE_001 Test method started
m1 Test method started
m1 Test method successfully executed
LE_001 Test method skipped
ORG_001 Test method started
LE_001 Test method started
ORG_001 Test method successfully executed
LE_001 Test method skipped
LE_001 Test method started
LE_001 Test method successfully executed]]>
  </system-out>
</testsuite> <!-- testCaseRepo.TC_003 -->
