<?xml version="1.0" encoding="UTF-8"?>
<!-- Generated by org.testng.reporters.JUnitReportReporter -->
<testsuite hostname="DESKTOP-3JRUFPN" failures="0" tests="3" name="practice.TestNGPractice" time="0.020" errors="0" timestamp="2025-11-21T16:24:25 IST" skipped="0">
  <testcase classname="practice.TestNGPractice" name="createUser" time="0.014">
    <system-out>
      <![CDATA[createUser Test method started
createUser Test method successfully executed]]>
    </system-out>
  </testcase> <!-- createUser -->
  <testcase classname="practice.TestNGPractice" name="modifyUser" time="0.004">
    <system-out>
      <![CDATA[modifyUser Test method started
modifyUser Test method successfully executed]]>
    </system-out>
  </testcase> <!-- modifyUser -->
  <testcase classname="practice.TestNGPractice" name="deleteUser" time="0.002">
    <system-out>
      <![CDATA[deleteUser Test method started
deleteUser Test method successfully executed]]>
    </system-out>
  </testcase> <!-- deleteUser -->
  <system-out>
    <![CDATA[createUser Test method started
createUser Test method successfully executed
modifyUser Test method started
modifyUser Test method successfully executed
deleteUser Test method started
deleteUser Test method successfully executed
LE_002 Test method started
LE_002 Test method successfully executed]]>
  </system-out>
</testsuite> <!-- practice.TestNGPractice -->
